{
  "0 debug pnpm:scope": {
    "selected": 1,
    "total": 2,
    "workspacePrefix": "/Users/weiyafei/Documents/魏亚飞/vite/Rollup"
  },
  "1 info pnpm": {
    "err": {
      "name": "Error",
      "message": "01@1.0.0 build: `rollup --c`\nExit status 1",
      "code": "ELIFECYCLE",
      "stack": "Error: 01@1.0.0 build: `rollup --c`\nExit status 1\n    at EventEmitter.<anonymous> (/usr/local/lib/node_modules/pnpm/dist/pnpm.cjs:106886:20)\n    at EventEmitter.emit (node:events:527:28)\n    at ChildProcess.<anonymous> (/usr/local/lib/node_modules/pnpm/dist/pnpm.cjs:93455:18)\n    at ChildProcess.emit (node:events:527:28)\n    at maybeClose (node:internal/child_process:1092:16)\n    at Process.ChildProcess._handle.onexit (node:internal/child_process:302:5)"
    }
  },
  "2 error pnpm": {
    "errno": 1,
    "code": "ERR_PNPM_RECURSIVE_RUN_FIRST_FAIL",
    "pkgid": "01@1.0.0",
    "stage": "build",
    "script": "rollup --c",
    "pkgname": "01",
    "prefix": "/Users/weiyafei/Documents/魏亚飞/vite/Rollup/packages/01",
    "err": {
      "name": "pnpm",
      "message": "01@1.0.0 build: `rollup --c`\nExit status 1",
      "code": "ERR_PNPM_RECURSIVE_RUN_FIRST_FAIL",
      "stack": "Error: 01@1.0.0 build: `rollup --c`\nExit status 1\n    at EventEmitter.<anonymous> (/usr/local/lib/node_modules/pnpm/dist/pnpm.cjs:106886:20)\n    at EventEmitter.emit (node:events:527:28)\n    at ChildProcess.<anonymous> (/usr/local/lib/node_modules/pnpm/dist/pnpm.cjs:93455:18)\n    at ChildProcess.emit (node:events:527:28)\n    at maybeClose (node:internal/child_process:1092:16)\n    at Process.ChildProcess._handle.onexit (node:internal/child_process:302:5)"
    }
  },
  "3 warn pnpm:global": " Local package.json exists, but node_modules missing, did you mean to install?"
}